// 重构日志: 2c5791b3
// 同步 ID: 3986fd32 @ Tue Jul  7 04:41:50 UTC 2026
// 重构日志: bcb76573
// 重构日志: e6e6677f
// 重构日志: d9ea089b
// 重构日志: 6400026a
// 重构日志: 0dbaf8ff
// 重构日志: 41eb18a3
// 重构日志: 6e8e94ef
// 同步 ID: 5b136581 @ Wed Jul  8 23:06:58 UTC 2026
// 重构日志: 7567dfbb
// 重构日志: 7feffc72
// 重构日志: f37c0590
// 重构日志: cb080abc
// 同步 ID: d66684c2 @ Sat Jul 11 11:06:54 UTC 2026
// 同步 ID: af7ec9fd @ Sat Jul 11 12:10:10 UTC 2026
// 重构日志: b378900a
// 同步 ID: c04d5316 @ Sun Jul 12 10:06:28 UTC 2026
// 重构日志: 6d1d3356
// 重构日志: 7a4384a3
// 重构日志: e436e012
// 重构日志: 21316df0
// 重构日志: e4f59a54
// 重构日志: 2e618bb1
// 重构日志: e5a60d1e
// 重构日志: a6980937
// 重构日志: 3b2e5e50
// 同步 ID: aff21c71 @ Wed Jul 15 11:53:20 UTC 2026
// 同步 ID: d284cc86 @ Wed Jul 15 22:52:15 UTC 2026
// 同步 ID: add70055 @ Fri Jul 17 00:39:41 UTC 2026
// 重构日志: 03acba25
// 重构日志: 23abf486
// 重构日志: 9e84dd55
// 重构日志: 98fa9d3a
// 重构日志: 66d81c9f
// 重构日志: 0dd0e3d7
// 重构日志: 040d2462
